Build started 11/7/2014 12:12:36 PM.
     1>Project "C:\Users\Evan Doyle\Desktop\Destiny-Falls\DestinyFalls\DestinyFalls.vcxproj" on node 2 (Build target(s)).
     1>ClCompile:
         C:\Program Files (x86)\Microsoft Visual Studio 12.0\VC\bin\CL.exe /c /ZI /nologo /W3 /WX- /Od /Oy- /D WIN32 /D _DEBUG /D _WINDOWS /D _UNICODE /D UNICODE /Gm /EHsc /RTC1 /MDd /GS /fp:precise /Zc:wchar_t /Zc:forScope /Yu"stdafx.h" /Fp"Debug\DestinyFalls.pch" /Fo"Debug\\" /Fd"Debug\vc120.pdb" /Gd /TP /analyze- /errorReport:prompt "Source\Game States\CombatState.cpp" "Source\Game States\CreditState.cpp" "Source\Game States\GamePauseState.cpp" "Source\Game States\IGameState.cpp"
         IGameState.cpp
         Generating Code...
         Skipping... (no relevant changes detected)
         GamePauseState.cpp
         CreditState.cpp
         CombatState.cpp
       Link:
         C:\Program Files (x86)\Microsoft Visual Studio 12.0\VC\bin\link.exe /ERRORREPORT:PROMPT /OUT:"C:\Users\Evan Doyle\Desktop\Destiny-Falls\DestinyFalls\Debug\DestinyFalls.exe" /INCREMENTAL /NOLOGO kernel32.lib user32.lib gdi32.lib winspool.lib comdlg32.lib advapi32.lib shell32.lib ole32.lib oleaut32.lib uuid.lib odbc32.lib odbccp32.lib /MANIFEST /MANIFESTUAC:"level='asInvoker' uiAccess='false'" /manifest:embed /DEBUG /PDB:"C:\Users\Evan Doyle\Desktop\Destiny-Falls\DestinyFalls\Debug\DestinyFalls.pdb" /SUBSYSTEM:WINDOWS /TLBID:1 /DYNAMICBASE /NXCOMPAT /IMPLIB:"C:\Users\Evan Doyle\Desktop\Destiny-Falls\DestinyFalls\Debug\DestinyFalls.lib" /MACHINE:X86 Debug\DestinyFalls.res
         Debug\SGD_AudioManager.obj
         Debug\SGD_Event.obj
         Debug\SGD_EventManager.obj
         Debug\SGD_Geometry.obj
         Debug\SGD_GraphicsManager.obj
         Debug\SGD_InputManager.obj
         Debug\SGD_Listener.obj
         Debug\SGD_Message.obj
         Debug\SGD_MessageManager.obj
         Debug\DestinyFalls.obj
         Debug\Game.obj
         Debug\WinMain.obj
         Debug\AnimatedObject.obj
         Debug\Chest.obj
         Debug\Companion.obj
         Debug\Enemy.obj
         Debug\FinalBoss.obj
         Debug\FireTrap.obj
         Debug\Inventory.obj
         Debug\iObject.obj
         Debug\LevelBoss.obj
         Debug\MiniBoss.obj
         Debug\Minion.obj
         Debug\MovingObject.obj
         Debug\Object.obj
         Debug\Player.obj
         Debug\SpikeTrap.obj
         Debug\StaticObject.obj
         Debug\Trap.obj
         Debug\CombatState.obj
         Debug\CreditState.obj
         Debug\GamePauseState.obj
         Debug\GameplayState.obj
         Debug\IGameState.obj
         Debug\MainMenuState.obj
         Debug\OptionsState.obj
         Debug\AnimationManager.obj
         Debug\ParticleManager.obj
         Debug\TileManager.obj
         Debug\stdafx.obj
         DestinyFalls.vcxproj -> C:\Users\Evan Doyle\Desktop\Destiny-Falls\DestinyFalls\Debug\DestinyFalls.exe
     1>Done Building Project "C:\Users\Evan Doyle\Desktop\Destiny-Falls\DestinyFalls\DestinyFalls.vcxproj" (Build target(s)).

Build succeeded.

Time Elapsed 00:00:00.45
