Build started 11/20/2014 1:58:53 PM.
     1>Project "C:\Users\fullsail\Desktop\New folder (2)\Destiny-Falls\DestinyFalls\DestinyFalls.vcxproj" on node 2 (Build target(s)).
     1>ClCompile:
         C:\Program Files (x86)\Microsoft Visual Studio 12.0\VC\bin\CL.exe /c /Zi /nologo /W3 /WX- /O2 /Oi /Oy- /GL /D WIN32 /D NDEBUG /D _WINDOWS /D _UNICODE /D UNICODE /Gm- /EHsc /MD /GS /Gy /fp:precise /Zc:wchar_t /Zc:forScope /Yu"stdafx.h" /Fp"Release\DestinyFalls.pch" /Fo"Release\\" /Fd"Release\vc120.pdb" /Gd /TP /analyze- /errorReport:prompt "Source\Game States\CombatState.cpp"
         CombatState.cpp
     1>Source\Game States\CombatState.cpp(235): warning C4244: 'argument' : conversion from 'float' to 'int', possible loss of data
     1>Source\Game States\CombatState.cpp(251): warning C4244: 'argument' : conversion from 'float' to 'int', possible loss of data
       Link:
         C:\Program Files (x86)\Microsoft Visual Studio 12.0\VC\bin\link.exe /ERRORREPORT:PROMPT /OUT:"C:\Users\fullsail\Desktop\New folder (2)\Destiny-Falls\DestinyFalls\Release\DestinyFalls.exe" /INCREMENTAL:NO /NOLOGO kernel32.lib user32.lib gdi32.lib winspool.lib comdlg32.lib advapi32.lib shell32.lib ole32.lib oleaut32.lib uuid.lib odbc32.lib odbccp32.lib /MANIFEST /MANIFESTUAC:"level='asInvoker' uiAccess='false'" /manifest:embed /DEBUG /PDB:"C:\Users\fullsail\Desktop\New folder (2)\Destiny-Falls\DestinyFalls\Release\DestinyFalls.pdb" /SUBSYSTEM:WINDOWS /OPT:REF /OPT:ICF /LTCG /TLBID:1 /DYNAMICBASE /NXCOMPAT /IMPLIB:"C:\Users\fullsail\Desktop\New folder (2)\Destiny-Falls\DestinyFalls\Release\DestinyFalls.lib" /MACHINE:X86 /SAFESEH Release\DestinyFalls.res
         Release\SGD_AudioManager.obj
         Release\SGD_Event.obj
         Release\SGD_EventManager.obj
         Release\SGD_Geometry.obj
         Release\SGD_GraphicsManager.obj
         Release\SGD_InputManager.obj
         Release\SGD_Listener.obj
         Release\SGD_Message.obj
         Release\SGD_MessageManager.obj
         Release\BitmapFont.obj
         Release\Animation.obj
         Release\AnimationTimeStamp.obj
         Release\Emitter.obj
         Release\Frame.obj
         Release\Particle.obj
         Release\Game.obj
         Release\WinMain.obj
         Release\AnimatedObject.obj
         Release\Chest.obj
         Release\Companion.obj
         Release\Enemy.obj
         Release\FinalBoss.obj
         Release\FireTrap.obj
         Release\LevelBoss.obj
         Release\MiniBoss.obj
         Release\Minion.obj
         Release\MovingObject.obj
         Release\Object.obj
         Release\Player.obj
         Release\SpikeTrap.obj
         Release\StaticObject.obj
         Release\Trap.obj
         Release\AnimationTestState.obj
         Release\CombatState.obj
         Release\CreditState.obj
         Release\GameplayState.obj
         Release\HowToPlayState.obj
         Release\InventoryState.obj
         Release\MainMenuState.obj
         Release\OptionsState.obj
         Release\PauseMenuState.obj
         Release\SaveandLoadState.obj
         Release\SplashScreenState.obj
         Release\AnimationManager.obj
         Release\ObjectManager.obj
         Release\ParticleManager.obj
         Release\TileManager.obj
         Release\DestroyObjectMessage.obj
         Release\tinystr.obj
         Release\tinyxml.obj
         Release\tinyxmlerror.obj
         Release\tinyxmlparser.obj
         Release\QuickTime.obj
         Release\RuneManager.obj
         Release\Runes.obj
         Release\stdafx.obj
         Generating code
         Finished generating code
         DestinyFalls.vcxproj -> C:\Users\fullsail\Desktop\New folder (2)\Destiny-Falls\DestinyFalls\Release\DestinyFalls.exe
     1>Done Building Project "C:\Users\fullsail\Desktop\New folder (2)\Destiny-Falls\DestinyFalls\DestinyFalls.vcxproj" (Build target(s)).

Build succeeded.

Time Elapsed 00:00:04.05
